[2026-02-14 12:17:34 GITHUB] Generating resume.vax.yaml locally...
[2026-02-14 12:17:38 GITHUB] Wrote: site/brad.man.txt
[2026-02-14 12:17:38 GITHUB] Wrote: site/vax-build.log
[2026-02-14 12:17:38 GITHUB] Wrote: site/resume/index.html
[2026-02-14 12:17:38 GITHUB] Wrote: site/index.html
[2026-02-14 12:17:38 GITHUB] Wrote: site/vax-manifest.txt
[2026-02-14 12:17:38 GITHUB] Transferring source files to VAX...
[2026-02-14 12:17:38 GITHUB] Running VAX build & encode script...
[2026-02-14 12:17:39 COURIER] Found encoded file: /tmp/brad.1.uu
[2026-02-14 12:17:39 COURIER] File size: 67 bytes
[2026-02-14 12:17:39 COURIER] Initiating console transfer to PDP-11 (54.221.119.144)
[2026-02-14 12:17:39 COURIER] Connecting to PDP-11 console (telnet 54.221.119.144:2327)
[2026-02-14 12:17:39 GITHUB] ✓ VAX build & encode complete
[2026-02-14 12:17:39 VAX] === VAX BUILD & ENCODE ===
[2026-02-14 12:17:39 VAX] Build ID: build-20260214-121649
[2026-02-14 12:17:39 VAX] Date: Sat Feb 14 12:17:39 UTC 2026
[2026-02-14 12:17:39 VAX] Compiling bradman.c...
[2026-02-14 12:17:39 VAX]   Compiler: cc (4.3BSD K&R C)
[2026-02-14 12:17:39 VAX]   Source: bradman.c (1037 lines)
[2026-02-14 12:17:39 VAX] Compilation successful
[2026-02-14 12:17:39 VAX]   Binary size: 30072 bytes
[2026-02-14 12:17:39 VAX] Generating manpage from resume.vax.yaml...
[2026-02-14 12:17:39 VAX]   Input: resume.vax.yaml (83 lines)
[2026-02-14 12:17:39 VAX]   Parser: bradman (VAX C YAML parser)
[2026-02-14 12:17:39 VAX] Manpage generated successfully
[2026-02-14 12:17:39 VAX]   Output: brad.1 (2119 bytes, 51 lines)
[2026-02-14 12:17:39 VAX]   Sections: 6 (.SH directives)
[2026-02-14 12:17:39 VAX]   Format: troff/nroff man(7) macros
[2026-02-14 12:17:39 VAX]   Sample (first 3 lines):
[2026-02-14 12:17:39 VAX]     .TH BRAD 1 "2026-02-14" "brfid.github.io" ""
[2026-02-14 12:17:39 VAX]     .SH NAME
[2026-02-14 12:17:39 VAX]     brad \- Technical Writer: docs platforms, AI workflows, delivery
[2026-02-14 12:17:39 VAX] Encoding output for console transfer...
[2026-02-14 12:17:39 VAX] Encoding complete
[2026-02-14 12:17:39 VAX]   Original file: brad.1 (2119 bytes)
[2026-02-14 12:17:39 VAX]   Encoded file: brad.1.uu (67 bytes, 1 lines)
[2026-02-14 12:17:39 VAX]   Overhead: -97%
[2026-02-14 12:17:39 VAX] VAX build complete - Output ready for transfer
[2026-02-14 12:17:42 COURIER] Console connection established
[2026-02-14 12:17:45 COURIER] Changing to /tmp directory
[2026-02-14 12:17:46 COURIER] Sending 1 lines of encoded data
[2026-02-14 12:17:46 COURIER] Transfer statistics: 1 lines in 0.05s (18.5 lines/sec)
[2026-02-14 12:17:48 COURIER] Transfer complete - All lines sent
[2026-02-14 12:17:48 COURIER] Verifying received file
[2026-02-14 12:17:49 COURIER] Console output saved to /tmp/pdp11-console-build-20260214-121649.txt
[2026-02-14 12:17:49 COURIER] ✓ Console transfer completed successfully
