[+0.00s] VAX Resume Build Pipeline
[+0.00s] GitHub: https://github.com/brfid/brfid.github.io
[+0.00s]
[+0.00s] Stage: VAX artifact generation (local mode)
[+0.00s] Platform: Host compilation (native C compiler)
[+0.00s]
[+0.00s] [1/7] Generate resume.vax.yaml from resume.yaml
[+0.02s]       Written: build/vax/resume.vax.yaml
[+0.02s] [2/7] Compile vax/bradman.c (HTML and man page generator)
[+0.02s]       Compiler: cc
[+0.29s]       Binary: build/vax/bradman
[+0.29s] [3/7] Generate brad.1 roff man page
[+0.29s]       Input: resume.vax.yaml
[+0.29s]       Output: build/vax/brad.1
[+0.29s] [4/7] Generate contact.json (simplified for VAX HTML rendering)
[+0.29s]       Output: build/vax/contact.json
[+0.29s] [5/7] Generate contact.html (VAX-rendered HTML fragment)
[+0.29s]       Input: contact.json
[+0.29s]       Output: site-v2/contact.html
[+0.29s] [6/7] Render brad.man.txt (man page text for reference)
[+0.29s]       Parser: Python roff subset (host-side)
[+0.30s]       Output: site-v2/brad.man.txt
[+0.30s] [7/7] Render landing page
[+0.30s]       Output: site-v2/index.html
[+0.30s]
[+0.30s] Build complete - all artifacts generated
